time iter num.topics num.tables likelihood gamma alpha split merge trial
    0.00 00000 0003 00446 -3993.61657 0.10000 1.00000 0 0 0
    0.00 00001 0003 00418 -3894.36309 0.10000 1.00000 0 0 0
    0.00 00002 0004 00404 -3850.51153 0.10000 1.00000 0 0 0
    0.00 00003 0004 00410 -3884.75724 0.10000 1.00000 0 0 0
    0.00 00004 0004 00404 -3851.49238 0.10000 1.00000 0 0 0
    0.00 00005 0004 00399 -3845.87229 0.10000 1.00000 0 0 0
    0.00 00006 0004 00388 -3805.00710 0.10000 1.00000 0 0 0
    0.00 00007 0004 00380 -3740.76739 0.10000 1.00000 0 0 0
    0.00 00008 0004 00399 -3835.92204 0.10000 1.00000 0 0 0
    0.00 00009 0004 00393 -3791.89649 0.10000 1.00000 0 0 0
    0.00 00010 0004 00411 -3814.92433 0.10000 1.00000 0 0 0
    0.00 00011 0004 00405 -3843.68734 0.10000 1.00000 0 0 0
    0.00 00012 0004 00385 -3793.13616 0.10000 1.00000 0 0 0
    0.00 00013 0005 00387 -3832.69814 0.10000 1.00000 0 0 0
    0.00 00014 0005 00392 -3787.87014 0.10000 1.00000 0 0 0
    0.00 00015 0004 00373 -3715.60848 0.10000 1.00000 0 0 0
    0.00 00016 0004 00391 -3734.34052 0.10000 1.00000 0 0 0
    0.00 00017 0004 00399 -3797.97910 0.10000 1.00000 0 0 0
    0.00 00018 0004 00389 -3813.90675 0.10000 1.00000 0 0 0
    0.00 00019 0004 00373 -3736.49631 0.10000 1.00000 0 0 0
    0.00 00020 0004 00381 -3805.45786 0.10000 1.00000 0 0 0
    0.00 00021 0004 00381 -3740.51194 0.10000 1.00000 0 0 0
    0.00 00022 0004 00374 -3711.34837 0.10000 1.00000 0 0 0
    0.00 00023 0004 00389 -3782.33881 0.10000 1.00000 0 0 0
    0.00 00024 0004 00372 -3769.48802 0.10000 1.00000 0 0 0
    0.00 00025 0004 00369 -3683.83631 0.10000 1.00000 0 0 0
    0.00 00026 0004 00364 -3707.60376 0.10000 1.00000 0 0 0
    0.00 00027 0004 00388 -3774.60198 0.10000 1.00000 0 0 0
    0.00 00028 0004 00368 -3735.53442 0.10000 1.00000 0 0 0
    0.00 00029 0005 00393 -3756.21945 0.10000 1.00000 0 0 0
    0.00 00030 0004 00387 -3768.80464 0.10000 1.00000 0 0 0
    0.00 00031 0004 00405 -3821.20668 0.10000 1.00000 0 0 0
    0.00 00032 0004 00405 -3839.92763 0.10000 1.00000 0 0 0
    0.00 00033 0004 00395 -3772.40874 0.10000 1.00000 0 0 0
    0.00 00034 0004 00376 -3765.86943 0.10000 1.00000 0 0 0
    0.00 00035 0004 00370 -3748.90081 0.10000 1.00000 0 0 0
    0.00 00036 0004 00384 -3739.27921 0.10000 1.00000 0 0 0
    0.00 00037 0004 00382 -3733.27920 0.10000 1.00000 0 0 0
    0.00 00038 0004 00374 -3755.27852 0.10000 1.00000 0 0 0
    0.00 00039 0004 00371 -3719.73775 0.10000 1.00000 0 0 0
    0.00 00040 0004 00401 -3846.56326 0.10000 1.00000 0 0 0
    0.00 00041 0004 00390 -3806.66889 0.10000 1.00000 0 0 0
    0.00 00042 0004 00377 -3790.97498 0.10000 1.00000 0 0 0
    0.00 00043 0004 00412 -3842.41249 0.10000 1.00000 0 0 0
    0.00 00044 0005 00388 -3830.12059 0.10000 1.00000 0 0 0
    0.00 00045 0005 00379 -3751.14906 0.10000 1.00000 0 0 0
    0.00 00046 0004 00383 -3777.02120 0.10000 1.00000 0 0 0
    0.00 00047 0004 00382 -3745.01839 0.10000 1.00000 0 0 0
    0.00 00048 0004 00379 -3702.58974 0.10000 1.00000 0 0 0
    0.00 00049 0004 00392 -3746.00321 0.10000 1.00000 0 0 0
    0.00 00050 0004 00393 -3755.18470 0.10000 1.00000 0 0 0
    0.00 00051 0004 00389 -3733.60041 0.10000 1.00000 0 0 0
    0.00 00052 0004 00370 -3702.97032 0.10000 1.00000 0 0 0
    0.00 00053 0004 00377 -3737.50695 0.10000 1.00000 0 0 0
    0.00 00054 0004 00375 -3737.65361 0.10000 1.00000 0 0 0
    0.00 00055 0004 00389 -3782.50616 0.10000 1.00000 0 0 0
    0.00 00056 0004 00378 -3719.72636 0.10000 1.00000 0 0 0
    0.00 00057 0004 00388 -3734.07175 0.10000 1.00000 0 0 0
    0.00 00058 0004 00390 -3795.74203 0.10000 1.00000 0 0 0
    0.00 00059 0004 00372 -3719.33935 0.10000 1.00000 0 0 0
    0.00 00060 0004 00393 -3764.88329 0.10000 1.00000 0 0 0
    0.00 00061 0004 00376 -3712.61318 0.10000 1.00000 0 0 0
    0.00 00062 0004 00386 -3743.64509 0.10000 1.00000 0 0 0
    0.00 00063 0004 00368 -3736.35911 0.10000 1.00000 0 0 0
    0.00 00064 0004 00382 -3745.10446 0.10000 1.00000 0 0 0
    0.00 00065 0004 00395 -3791.15832 0.10000 1.00000 0 0 0
    0.00 00066 0004 00390 -3718.62761 0.10000 1.00000 0 0 0
    0.00 00067 0004 00388 -3697.57147 0.10000 1.00000 0 0 0
    0.00 00068 0004 00380 -3675.91658 0.10000 1.00000 0 0 0
    0.00 00069 0004 00382 -3686.95590 0.10000 1.00000 0 0 0
    0.00 00070 0004 00392 -3710.11893 0.10000 1.00000 0 0 0
    0.00 00071 0004 00387 -3710.60676 0.10000 1.00000 0 0 0
    0.00 00072 0004 00375 -3703.21287 0.10000 1.00000 0 0 0
    0.00 00073 0004 00384 -3730.91958 0.10000 1.00000 0 0 0
    0.00 00074 0004 00406 -3758.36235 0.10000 1.00000 0 0 0
    0.00 00075 0005 00381 -3724.67116 0.10000 1.00000 0 0 0
    0.00 00076 0005 00388 -3830.32691 0.10000 1.00000 0 0 0
    0.00 00077 0004 00400 -3788.64136 0.10000 1.00000 0 0 0
    0.00 00078 0004 00384 -3755.71875 0.10000 1.00000 0 0 0
    0.00 00079 0004 00381 -3746.63275 0.10000 1.00000 0 0 0
    0.00 00080 0004 00391 -3759.37704 0.10000 1.00000 0 0 0
    0.00 00081 0004 00391 -3749.74391 0.10000 1.00000 0 0 0
    0.00 00082 0005 00391 -3748.79124 0.10000 1.00000 0 0 0
    0.00 00083 0005 00395 -3734.89620 0.10000 1.00000 0 0 0
    0.00 00084 0005 00356 -3714.09145 0.10000 1.00000 0 0 0
    0.00 00085 0005 00384 -3731.39286 0.10000 1.00000 0 0 0
    0.00 00086 0005 00389 -3783.33788 0.10000 1.00000 0 0 0
    0.00 00087 0005 00395 -3745.71638 0.10000 1.00000 0 0 0
    0.00 00088 0005 00369 -3691.92895 0.10000 1.00000 0 0 0
    0.00 00089 0004 00361 -3662.09030 0.10000 1.00000 0 0 0
    0.00 00090 0004 00355 -3652.87111 0.10000 1.00000 0 0 0
    0.00 00091 0004 00382 -3706.64848 0.10000 1.00000 0 0 0
    0.00 00092 0004 00377 -3677.97209 0.10000 1.00000 0 0 0
    0.00 00093 0004 00380 -3692.03473 0.10000 1.00000 0 0 0
    0.00 00094 0004 00382 -3716.13037 0.10000 1.00000 0 0 0
    0.00 00095 0004 00386 -3782.46316 0.10000 1.00000 0 0 0
    0.00 00096 0004 00399 -3746.49228 0.10000 1.00000 0 0 0
    0.00 00097 0004 00387 -3712.06696 0.10000 1.00000 0 0 0
    0.00 00098 0004 00380 -3701.69609 0.10000 1.00000 0 0 0
    0.00 00099 0004 00375 -3718.92633 0.10000 1.00000 0 0 0
    0.00 00100 0004 00397 -3739.54247 0.10000 1.00000 0 0 0
    0.00 00101 0004 00380 -3713.42975 0.10000 1.00000 0 0 0
    0.00 00102 0004 00388 -3749.85068 0.10000 1.00000 0 0 0
    0.00 00103 0004 00388 -3762.86447 0.10000 1.00000 0 0 0
    0.00 00104 0004 00378 -3724.15655 0.10000 1.00000 0 0 0
    0.00 00105 0004 00382 -3735.56530 0.10000 1.00000 0 0 0
    0.00 00106 0004 00389 -3720.82724 0.10000 1.00000 0 0 0
    0.00 00107 0004 00390 -3698.48707 0.10000 1.00000 0 0 0
    0.00 00108 0004 00389 -3721.96221 0.10000 1.00000 0 0 0
    0.00 00109 0004 00362 -3649.97869 0.10000 1.00000 0 0 0
    0.00 00110 0004 00382 -3737.10968 0.10000 1.00000 0 0 0
    0.00 00111 0004 00379 -3750.58873 0.10000 1.00000 0 0 0
    0.00 00112 0004 00405 -3767.12831 0.10000 1.00000 0 0 0
    0.00 00113 0004 00381 -3728.16788 0.10000 1.00000 0 0 0
    0.00 00114 0004 00378 -3696.31607 0.10000 1.00000 0 0 0
    0.00 00115 0006 00384 -3741.29386 0.10000 1.00000 0 0 0
    0.00 00116 0005 00382 -3695.83749 0.10000 1.00000 0 0 0
    0.00 00117 0005 00373 -3687.56412 0.10000 1.00000 0 0 0
    0.00 00118 0005 00402 -3745.46148 0.10000 1.00000 0 0 0
    0.00 00119 0005 00400 -3836.18492 0.10000 1.00000 0 0 0
    0.00 00120 0005 00374 -3715.55651 0.10000 1.00000 0 0 0
    0.00 00121 0005 00382 -3751.69255 0.10000 1.00000 0 0 0
    0.00 00122 0005 00387 -3766.68059 0.10000 1.00000 0 0 0
    0.00 00123 0005 00376 -3753.17697 0.10000 1.00000 0 0 0
    0.00 00124 0006 00375 -3744.19945 0.10000 1.00000 0 0 0
    0.00 00125 0005 00380 -3711.44328 0.10000 1.00000 0 0 0
    0.00 00126 0005 00394 -3759.38290 0.10000 1.00000 0 0 0
    0.00 00127 0005 00392 -3710.72793 0.10000 1.00000 0 0 0
    0.00 00128 0005 00401 -3779.80712 0.10000 1.00000 0 0 0
    0.00 00129 0005 00397 -3763.19219 0.10000 1.00000 0 0 0
    0.00 00130 0005 00386 -3750.77027 0.10000 1.00000 0 0 0
    0.00 00131 0005 00392 -3702.44616 0.10000 1.00000 0 0 0
    0.00 00132 0005 00403 -3721.20856 0.10000 1.00000 0 0 0
    0.00 00133 0005 00386 -3702.76171 0.10000 1.00000 0 0 0
    0.00 00134 0006 00388 -3745.12013 0.10000 1.00000 0 0 0
    0.00 00135 0006 00394 -3760.83985 0.10000 1.00000 0 0 0
    0.00 00136 0006 00386 -3766.51944 0.10000 1.00000 0 0 0
    0.00 00137 0007 00399 -3844.69850 0.10000 1.00000 0 0 0
    0.00 00138 0007 00376 -3792.50223 0.10000 1.00000 0 0 0
    0.00 00139 0006 00393 -3804.18170 0.10000 1.00000 0 0 0
    0.00 00140 0006 00377 -3762.28548 0.10000 1.00000 0 0 0
    0.00 00141 0006 00392 -3756.79908 0.10000 1.00000 0 0 0
    0.00 00142 0006 00401 -3782.52016 0.10000 1.00000 0 0 0
    0.00 00143 0006 00395 -3783.23262 0.10000 1.00000 0 0 0
    0.00 00144 0005 00377 -3771.23878 0.10000 1.00000 0 0 0
    0.00 00145 0005 00376 -3733.51695 0.10000 1.00000 0 0 0
    0.00 00146 0005 00388 -3755.68725 0.10000 1.00000 0 0 0
    0.00 00147 0006 00381 -3766.20345 0.10000 1.00000 0 0 0
    0.00 00148 0005 00372 -3728.89208 0.10000 1.00000 0 0 0
    0.00 00149 0005 00371 -3687.03049 0.10000 1.00000 0 0 0
    0.00 00150 0005 00395 -3754.53170 0.10000 1.00000 0 0 0
    0.00 00151 0005 00388 -3723.38295 0.10000 1.00000 0 0 0
    0.00 00152 0005 00389 -3742.01309 0.10000 1.00000 0 0 0
    0.00 00153 0006 00358 -3735.04985 0.10000 1.00000 0 0 0
    0.00 00154 0006 00354 -3724.50777 0.10000 1.00000 0 0 0
    0.00 00155 0006 00386 -3765.39119 0.10000 1.00000 0 0 0
    0.00 00156 0006 00415 -3838.03393 0.10000 1.00000 0 0 0
    0.00 00157 0005 00385 -3762.44726 0.10000 1.00000 0 0 0
    0.00 00158 0005 00373 -3710.12060 0.10000 1.00000 0 0 0
    0.00 00159 0005 00393 -3722.52018 0.10000 1.00000 0 0 0
    0.00 00160 0005 00383 -3716.96026 0.10000 1.00000 0 0 0
    0.00 00161 0005 00379 -3716.50133 0.10000 1.00000 0 0 0
    0.00 00162 0006 00371 -3760.56341 0.10000 1.00000 0 0 0
    0.00 00163 0005 00370 -3717.64263 0.10000 1.00000 0 0 0
    0.00 00164 0006 00351 -3642.72400 0.10000 1.00000 0 0 0
    0.00 00165 0006 00378 -3732.67295 0.10000 1.00000 0 0 0
    0.00 00166 0005 00378 -3681.66091 0.10000 1.00000 0 0 0
    0.00 00167 0005 00356 -3650.94254 0.10000 1.00000 0 0 0
    0.00 00168 0005 00365 -3672.02594 0.10000 1.00000 0 0 0
    0.00 00169 0005 00390 -3752.29513 0.10000 1.00000 0 0 0
    0.00 00170 0005 00377 -3721.00303 0.10000 1.00000 0 0 0
    0.00 00171 0005 00380 -3762.24735 0.10000 1.00000 0 0 0
    0.00 00172 0005 00393 -3753.93407 0.10000 1.00000 0 0 0
    0.00 00173 0005 00402 -3803.59072 0.10000 1.00000 0 0 0
    0.00 00174 0005 00389 -3738.22105 0.10000 1.00000 0 0 0
    0.00 00175 0005 00382 -3745.92523 0.10000 1.00000 0 0 0
    0.00 00176 0005 00376 -3725.31097 0.10000 1.00000 0 0 0
    0.00 00177 0005 00386 -3754.30310 0.10000 1.00000 0 0 0
    0.00 00178 0005 00384 -3729.53970 0.10000 1.00000 0 0 0
    0.00 00179 0005 00394 -3783.84873 0.10000 1.00000 0 0 0
    0.00 00180 0005 00379 -3733.08460 0.10000 1.00000 0 0 0
    0.00 00181 0005 00384 -3703.16169 0.10000 1.00000 0 0 0
    0.00 00182 0006 00370 -3724.26603 0.10000 1.00000 0 0 0
    0.00 00183 0005 00391 -3731.45040 0.10000 1.00000 0 0 0
    0.00 00184 0006 00371 -3706.49949 0.10000 1.00000 0 0 0
    0.00 00185 0005 00376 -3804.82649 0.10000 1.00000 0 0 0
    0.00 00186 0005 00392 -3770.54517 0.10000 1.00000 0 0 0
    0.00 00187 0005 00379 -3716.45559 0.10000 1.00000 0 0 0
    0.00 00188 0005 00390 -3746.04372 0.10000 1.00000 0 0 0
    0.00 00189 0005 00374 -3761.97253 0.10000 1.00000 0 0 0
    0.00 00190 0005 00392 -3736.27542 0.10000 1.00000 0 0 0
    0.00 00191 0005 00386 -3825.50519 0.10000 1.00000 0 0 0
    0.00 00192 0005 00384 -3808.29417 0.10000 1.00000 0 0 0
    0.00 00193 0005 00385 -3802.81218 0.10000 1.00000 0 0 0
    0.00 00194 0005 00396 -3841.16814 0.10000 1.00000 0 0 0
    0.00 00195 0005 00394 -3795.48676 0.10000 1.00000 0 0 0
    0.00 00196 0005 00381 -3736.79755 0.10000 1.00000 0 0 0
    0.00 00197 0005 00395 -3777.69517 0.10000 1.00000 0 0 0
    0.00 00198 0005 00383 -3765.65174 0.10000 1.00000 0 0 0
    0.00 00199 0005 00382 -3745.68513 0.10000 1.00000 0 0 0
    0.00 00200 0005 00390 -3793.00078 0.10000 1.00000 0 0 0
    0.00 00201 0005 00383 -3817.24591 0.10000 1.00000 0 0 0
    0.00 00202 0005 00388 -3823.53858 0.10000 1.00000 0 0 0
    0.00 00203 0005 00383 -3759.16506 0.10000 1.00000 0 0 0
    0.00 00204 0005 00375 -3711.85901 0.10000 1.00000 0 0 0
    0.00 00205 0005 00380 -3757.53950 0.10000 1.00000 0 0 0
    0.00 00206 0006 00369 -3710.22003 0.10000 1.00000 0 0 0
    0.00 00207 0005 00367 -3661.97021 0.10000 1.00000 0 0 0
    0.00 00208 0005 00390 -3699.70303 0.10000 1.00000 0 0 0
    0.00 00209 0005 00381 -3711.98455 0.10000 1.00000 0 0 0
    0.00 00210 0005 00398 -3769.44005 0.10000 1.00000 0 0 0
    0.00 00211 0005 00367 -3716.55311 0.10000 1.00000 0 0 0
    0.00 00212 0006 00374 -3748.69743 0.10000 1.00000 0 0 0
    0.00 00213 0005 00364 -3669.19594 0.10000 1.00000 0 0 0
    0.00 00214 0005 00378 -3740.03779 0.10000 1.00000 0 0 0
    0.00 00215 0005 00369 -3704.39302 0.10000 1.00000 0 0 0
    0.00 00216 0005 00367 -3669.62344 0.10000 1.00000 0 0 0
    0.00 00217 0005 00389 -3721.84604 0.10000 1.00000 0 0 0
    0.00 00218 0005 00384 -3753.76458 0.10000 1.00000 0 0 0
    0.00 00219 0006 00390 -3793.59224 0.10000 1.00000 0 0 0
    0.00 00220 0005 00385 -3727.18274 0.10000 1.00000 0 0 0
    0.00 00221 0005 00398 -3773.64150 0.10000 1.00000 0 0 0
    0.00 00222 0005 00387 -3794.42821 0.10000 1.00000 0 0 0
    0.00 00223 0005 00389 -3774.77373 0.10000 1.00000 0 0 0
    0.00 00224 0005 00365 -3717.37844 0.10000 1.00000 0 0 0
    0.00 00225 0005 00368 -3669.39577 0.10000 1.00000 0 0 0
    0.00 00226 0005 00383 -3735.07315 0.10000 1.00000 0 0 0
    0.00 00227 0005 00395 -3747.59589 0.10000 1.00000 0 0 0
    0.00 00228 0005 00394 -3795.16329 0.10000 1.00000 0 0 0
    0.00 00229 0005 00383 -3794.08543 0.10000 1.00000 0 0 0
    0.00 00230 0005 00399 -3810.63297 0.10000 1.00000 0 0 0
    0.00 00231 0005 00372 -3710.82353 0.10000 1.00000 0 0 0
    0.00 00232 0005 00381 -3726.43336 0.10000 1.00000 0 0 0
    0.00 00233 0005 00386 -3732.81850 0.10000 1.00000 0 0 0
    0.00 00234 0005 00373 -3715.65723 0.10000 1.00000 0 0 0
    0.00 00235 0005 00379 -3770.97336 0.10000 1.00000 0 0 0
    0.00 00236 0005 00362 -3728.04917 0.10000 1.00000 0 0 0
    0.00 00237 0005 00367 -3711.73053 0.10000 1.00000 0 0 0
    0.00 00238 0006 00376 -3712.17605 0.10000 1.00000 0 0 0
    0.00 00239 0005 00374 -3707.28634 0.10000 1.00000 0 0 0
    0.00 00240 0005 00383 -3705.05418 0.10000 1.00000 0 0 0
    0.00 00241 0005 00393 -3747.66811 0.10000 1.00000 0 0 0
    0.00 00242 0005 00359 -3692.01196 0.10000 1.00000 0 0 0
    0.00 00243 0005 00368 -3717.00871 0.10000 1.00000 0 0 0
    0.00 00244 0005 00403 -3765.70259 0.10000 1.00000 0 0 0
    0.00 00245 0005 00379 -3684.10290 0.10000 1.00000 0 0 0
    0.00 00246 0005 00376 -3700.75630 0.10000 1.00000 0 0 0
    0.00 00247 0005 00388 -3723.63675 0.10000 1.00000 0 0 0
    0.00 00248 0005 00376 -3709.71153 0.10000 1.00000 0 0 0
    0.00 00249 0005 00406 -3776.09824 0.10000 1.00000 0 0 0
    0.00 00250 0006 00392 -3760.98076 0.10000 1.00000 0 0 0
    0.00 00251 0005 00393 -3761.76684 0.10000 1.00000 0 0 0
    0.00 00252 0005 00394 -3738.63544 0.10000 1.00000 0 0 0
    0.00 00253 0005 00378 -3728.28635 0.10000 1.00000 0 0 0
    0.00 00254 0005 00382 -3744.99634 0.10000 1.00000 0 0 0
    0.00 00255 0005 00365 -3746.20298 0.10000 1.00000 0 0 0
    0.00 00256 0005 00388 -3708.36692 0.10000 1.00000 0 0 0
    0.00 00257 0005 00382 -3675.00518 0.10000 1.00000 0 0 0
    0.00 00258 0005 00398 -3758.03083 0.10000 1.00000 0 0 0
    0.00 00259 0005 00362 -3701.71530 0.10000 1.00000 0 0 0
    0.00 00260 0006 00369 -3673.51710 0.10000 1.00000 0 0 0
    0.00 00261 0006 00376 -3723.55588 0.10000 1.00000 0 0 0
    0.00 00262 0005 00375 -3717.44277 0.10000 1.00000 0 0 0
    0.00 00263 0005 00388 -3760.14377 0.10000 1.00000 0 0 0
    0.00 00264 0005 00382 -3766.51380 0.10000 1.00000 0 0 0
    0.00 00265 0005 00362 -3707.17400 0.10000 1.00000 0 0 0
    0.00 00266 0005 00366 -3667.80916 0.10000 1.00000 0 0 0
    0.00 00267 0005 00365 -3700.50365 0.10000 1.00000 0 0 0
    0.00 00268 0006 00382 -3746.29359 0.10000 1.00000 0 0 0
    0.00 00269 0005 00385 -3762.75852 0.10000 1.00000 0 0 0
    0.00 00270 0005 00380 -3794.06992 0.10000 1.00000 0 0 0
    0.00 00271 0005 00387 -3814.39947 0.10000 1.00000 0 0 0
    0.00 00272 0005 00388 -3833.18960 0.10000 1.00000 0 0 0
    0.00 00273 0005 00394 -3757.54631 0.10000 1.00000 0 0 0
    0.00 00274 0005 00383 -3752.87531 0.10000 1.00000 0 0 0
    0.00 00275 0005 00390 -3748.86553 0.10000 1.00000 0 0 0
    0.00 00276 0005 00393 -3750.10373 0.10000 1.00000 0 0 0
    0.00 00277 0005 00395 -3732.98358 0.10000 1.00000 0 0 0
    0.00 00278 0005 00387 -3750.39635 0.10000 1.00000 0 0 0
    0.00 00279 0005 00388 -3747.87858 0.10000 1.00000 0 0 0
    0.00 00280 0005 00391 -3709.60642 0.10000 1.00000 0 0 0
    0.00 00281 0005 00390 -3698.54495 0.10000 1.00000 0 0 0
    0.00 00282 0005 00394 -3722.84366 0.10000 1.00000 0 0 0
    0.00 00283 0005 00388 -3744.24778 0.10000 1.00000 0 0 0
    0.00 00284 0005 00398 -3711.40691 0.10000 1.00000 0 0 0
    0.00 00285 0005 00399 -3724.63025 0.10000 1.00000 0 0 0
    0.00 00286 0005 00383 -3771.23074 0.10000 1.00000 0 0 0
    0.00 00287 0005 00408 -3749.80731 0.10000 1.00000 0 0 0
    0.00 00288 0005 00388 -3688.26428 0.10000 1.00000 0 0 0
    0.00 00289 0005 00370 -3703.45552 0.10000 1.00000 0 0 0
    0.00 00290 0005 00382 -3735.55389 0.10000 1.00000 0 0 0
    0.00 00291 0005 00394 -3755.52545 0.10000 1.00000 0 0 0
    0.00 00292 0005 00379 -3744.40786 0.10000 1.00000 0 0 0
    0.00 00293 0005 00374 -3746.78120 0.10000 1.00000 0 0 0
    0.00 00294 0005 00385 -3808.25418 0.10000 1.00000 0 0 0
    0.00 00295 0005 00383 -3792.82541 0.10000 1.00000 0 0 0
    0.00 00296 0005 00382 -3747.44915 0.10000 1.00000 0 0 0
    0.00 00297 0005 00384 -3743.49044 0.10000 1.00000 0 0 0
    0.00 00298 0005 00390 -3789.78966 0.10000 1.00000 0 0 0
    0.00 00299 0005 00395 -3819.78982 0.10000 1.00000 0 0 0
